[2025-11-13 17:22:27] [INFO] Created paste: 00006
[2025-11-13 17:41:56] [INFO] Created paste: 00007
[2025-11-13 17:42:08] [INFO] Created paste: 00008
[2025-11-13 17:42:08] [INFO] Updated paste: 00008
[2025-11-13 17:42:08] [INFO] Updated paste: 00008
[2025-11-13 17:42:08] [INFO] Updated paste: 00008
[2025-11-13 17:42:08] [INFO] Updated paste: 00008
[2025-11-13 17:42:08] [INFO] Updated paste: 00008
[2025-11-13 17:42:08] [INFO] Updated paste: 00008
[2025-11-13 17:42:08] [INFO] Updated paste: 00008
[2025-11-13 17:42:08] [INFO] Updated paste: 00008
[2025-11-13 17:42:08] [INFO] Updated paste: 00008
[2025-11-13 17:42:08] [INFO] Updated paste: 00008
[2025-11-13 17:42:12] [INFO] Created paste: 00009
[2025-11-13 17:42:14] [INFO] Updated paste: 00009
[2025-11-13 17:42:47] [INFO] Created paste: 00010
[2025-11-13 17:42:47] [INFO] Updated paste: 00010
[2025-11-13 17:42:47] [INFO] Updated paste: 00010
[2025-11-13 17:42:47] [INFO] Updated paste: 00010
[2025-11-13 17:42:47] [INFO] Updated paste: 00010
[2025-11-13 17:42:47] [INFO] Updated paste: 00010
[2025-11-13 17:42:47] [INFO] Updated paste: 00010
[2025-11-13 17:42:47] [INFO] Updated paste: 00010
[2025-11-13 17:42:47] [INFO] Updated paste: 00010
[2025-11-13 17:42:47] [INFO] Updated paste: 00010
[2025-11-13 17:42:47] [INFO] Updated paste: 00010
[2025-11-13 17:42:56] [INFO] Created paste: 00011
[2025-11-13 17:42:58] [INFO] Updated paste: 00011
[2025-11-13 17:43:54] [INFO] Created paste: 00012
[2025-11-13 17:58:17] [INFO] Created paste: 00013
[2025-11-13 18:08:28] [INFO] Created paste: 00014
[2025-11-13 18:26:25] [INFO] History: create for paste 00015 by 0:0:0:0:0:0:0:1
[2025-11-13 18:26:25] [INFO] Created paste: 00015
[2025-11-13 18:31:10] [INFO] History: create for paste 00016 by 0:0:0:0:0:0:0:1
[2025-11-13 18:31:10] [INFO] Created paste: 00016
[2025-11-13 18:31:28] [INFO] History: delete for paste 00016 by 0:0:0:0:0:0:0:1
[2025-11-13 18:31:28] [INFO] Paste 00016 marked as deleted by 0:0:0:0:0:0:0:1
[2025-11-13 18:36:23] [INFO] History: create for paste 00017 by 0:0:0:0:0:0:0:1
[2025-11-13 18:36:23] [INFO] Created paste: 00017
[2025-11-13 18:36:41] [INFO] History: delete for paste 00014 by 0:0:0:0:0:0:0:1
[2025-11-13 18:36:41] [INFO] Paste 00014 marked as deleted by 0:0:0:0:0:0:0:1
[2025-11-13 18:36:44] [INFO] History: delete for paste 00013 by 0:0:0:0:0:0:0:1
[2025-11-13 18:36:44] [INFO] Paste 00013 marked as deleted by 0:0:0:0:0:0:0:1
[2025-11-13 18:36:48] [INFO] History: delete for paste 00012 by 0:0:0:0:0:0:0:1
[2025-11-13 18:36:48] [INFO] Paste 00012 marked as deleted by 0:0:0:0:0:0:0:1
